\BOOKMARK [1][-]{section.1}{1 回测策略}{}% 1
\BOOKMARK [1][-]{section.2}{2 回测结果}{}% 2
\BOOKMARK [2][-]{subsection.2.1}{2.1 价格和成交量1日MA\(即不处理\)}{section.2}% 3
\BOOKMARK [3][-]{subsubsection.2.1.1}{2.1.1 上证50}{subsection.2.1}% 4
\BOOKMARK [3][-]{subsubsection.2.1.2}{2.1.2 上证综指}{subsection.2.1}% 5
\BOOKMARK [3][-]{subsubsection.2.1.3}{2.1.3 沪深300}{subsection.2.1}% 6
\BOOKMARK [3][-]{subsubsection.2.1.4}{2.1.4 创业板}{subsection.2.1}% 7
\BOOKMARK [3][-]{subsubsection.2.1.5}{2.1.5 中证500}{subsection.2.1}% 8
\BOOKMARK [2][-]{subsection.2.2}{2.2 价格和成交量2日MA}{section.2}% 9
\BOOKMARK [3][-]{subsubsection.2.2.1}{2.2.1 上证50}{subsection.2.2}% 10
\BOOKMARK [3][-]{subsubsection.2.2.2}{2.2.2 上证综指}{subsection.2.2}% 11
\BOOKMARK [3][-]{subsubsection.2.2.3}{2.2.3 沪深300}{subsection.2.2}% 12
\BOOKMARK [3][-]{subsubsection.2.2.4}{2.2.4 创业板}{subsection.2.2}% 13
\BOOKMARK [3][-]{subsubsection.2.2.5}{2.2.5 中证500}{subsection.2.2}% 14
\BOOKMARK [2][-]{subsection.2.3}{2.3 价格和成交量5日MA}{section.2}% 15
\BOOKMARK [3][-]{subsubsection.2.3.1}{2.3.1 上证50}{subsection.2.3}% 16
\BOOKMARK [3][-]{subsubsection.2.3.2}{2.3.2 上证综指}{subsection.2.3}% 17
\BOOKMARK [3][-]{subsubsection.2.3.3}{2.3.3 沪深300}{subsection.2.3}% 18
\BOOKMARK [3][-]{subsubsection.2.3.4}{2.3.4 创业板}{subsection.2.3}% 19
\BOOKMARK [3][-]{subsubsection.2.3.5}{2.3.5 中证500}{subsection.2.3}% 20
\BOOKMARK [2][-]{subsection.2.4}{2.4 价格和成交量7日MA}{section.2}% 21
\BOOKMARK [3][-]{subsubsection.2.4.1}{2.4.1 上证50}{subsection.2.4}% 22
\BOOKMARK [3][-]{subsubsection.2.4.2}{2.4.2 上证综指}{subsection.2.4}% 23
\BOOKMARK [3][-]{subsubsection.2.4.3}{2.4.3 沪深300}{subsection.2.4}% 24
\BOOKMARK [3][-]{subsubsection.2.4.4}{2.4.4 创业板}{subsection.2.4}% 25
\BOOKMARK [3][-]{subsubsection.2.4.5}{2.4.5 中证500}{subsection.2.4}% 26
\BOOKMARK [2][-]{subsection.2.5}{2.5 价格和成交量10日MA}{section.2}% 27
\BOOKMARK [3][-]{subsubsection.2.5.1}{2.5.1 上证50}{subsection.2.5}% 28
\BOOKMARK [3][-]{subsubsection.2.5.2}{2.5.2 上证综指}{subsection.2.5}% 29
\BOOKMARK [3][-]{subsubsection.2.5.3}{2.5.3 沪深300}{subsection.2.5}% 30
\BOOKMARK [3][-]{subsubsection.2.5.4}{2.5.4 创业板}{subsection.2.5}% 31
\BOOKMARK [3][-]{subsubsection.2.5.5}{2.5.5 中证500}{subsection.2.5}% 32
\BOOKMARK [2][-]{subsection.2.6}{2.6 回测结果分析}{section.2}% 33
